# JRE version: Java(TM) SE Runtime Environment (8.0_91-b14) (build 1.8.0_91-b14)
# Java VM: Java HotSpot(TM) Client VM (25.91-b14 mixed mode windows-x86 )
Heap:
 def new generation   total 39424K, used 5518K [0x04c00000, 0x076c0000, 0x0f6a0000)
  eden space 35072K,  11% used [0x04c00000, 0x04fef4d8, 0x06e40000)
  from space 4352K,  34% used [0x06e40000, 0x06fb4628, 0x07280000)
  to   space 4352K,   0% used [0x07280000, 0x07280000, 0x076c0000)
 tenured generation   total 87424K, used 18639K [0x0f6a0000, 0x14c00000, 0x24c00000)
   the space 87424K,  21% used [0x0f6a0000, 0x108d3fa0, 0x108d4000, 0x14c00000)
 Metaspace       used 17157K, capacity 17557K, committed 17664K, reserved 17792K
GC Heap History (10 events):
Event: 0.753 GC heap before
{Heap before GC invocations=0 (full 0):
 def new generation   total 39296K, used 34944K [0x04c00000, 0x076a0000, 0x0f6a0000)
  eden space 34944K, 100% used [0x04c00000, 0x06e20000, 0x06e20000)
  from space 4352K,   0% used [0x06e20000, 0x06e20000, 0x07260000)
  to   space 4352K,   0% used [0x07260000, 0x07260000, 0x076a0000)
 tenured generation   total 87424K, used 0K [0x0f6a0000, 0x14c00000, 0x24c00000)
   the space 87424K,   0% used [0x0f6a0000, 0x0f6a0000, 0x0f6a0200, 0x14c00000)
 Metaspace       used 8038K, capacity 8195K, committed 8320K, reserved 8576K
Event: 0.764 GC heap after
Heap after GC invocations=1 (full 0):
 def new generation   total 39296K, used 4352K [0x04c00000, 0x076a0000, 0x0f6a0000)
  eden space 34944K,   0% used [0x04c00000, 0x04c00000, 0x06e20000)
  from space 4352K, 100% used [0x07260000, 0x076a0000, 0x076a0000)
  to   space 4352K,   0% used [0x06e20000, 0x06e20000, 0x07260000)
 tenured generation   total 87424K, used 2027K [0x0f6a0000, 0x14c00000, 0x24c00000)
   the space 87424K,   2% used [0x0f6a0000, 0x0f89ac20, 0x0f89ae00, 0x14c00000)
 Metaspace       used 8038K, capacity 8195K, committed 8320K, reserved 8576K
}
Event: 1.221 GC heap before
{Heap before GC invocations=1 (full 0):
 def new generation   total 39296K, used 39296K [0x04c00000, 0x076a0000, 0x0f6a0000)
  eden space 34944K, 100% used [0x04c00000, 0x06e20000, 0x06e20000)
  from space 4352K, 100% used [0x07260000, 0x076a0000, 0x076a0000)
  to   space 4352K,   0% used [0x06e20000, 0x06e20000, 0x07260000)
 tenured generation   total 87424K, used 2027K [0x0f6a0000, 0x14c00000, 0x24c00000)
   the space 87424K,   2% used [0x0f6a0000, 0x0f89ac20, 0x0f89ae00, 0x14c00000)
 Metaspace       used 11479K, capacity 11767K, committed 11904K, reserved 12672K
Event: 1.238 GC heap after
Heap after GC invocations=2 (full 0):
 def new generation   total 39296K, used 4352K [0x04c00000, 0x076a0000, 0x0f6a0000)
  eden space 34944K,   0% used [0x04c00000, 0x04c00000, 0x06e20000)
  from space 4352K, 100% used [0x06e20000, 0x07260000, 0x07260000)
  to   space 4352K,   0% used [0x07260000, 0x07260000, 0x076a0000)
 tenured generation   total 87424K, used 6512K [0x0f6a0000, 0x14c00000, 0x24c00000)
   the space 87424K,   7% used [0x0f6a0000, 0x0fcfc350, 0x0fcfc400, 0x14c00000)
 Metaspace       used 11479K, capacity 11767K, committed 11904K, reserved 12672K
}
Event: 1.573 GC heap before
{Heap before GC invocations=2 (full 0):
 def new generation   total 39296K, used 17233K [0x04c00000, 0x076a0000, 0x0f6a0000)
  eden space 34944K,  36% used [0x04c00000, 0x058944c8, 0x06e20000)
  from space 4352K, 100% used [0x06e20000, 0x07260000, 0x07260000)
  to   space 4352K,   0% used [0x07260000, 0x07260000, 0x076a0000)
 tenured generation   total 87424K, used 6512K [0x0f6a0000, 0x14c00000, 0x24c00000)
   the space 87424K,   7% used [0x0f6a0000, 0x0fcfc350, 0x0fcfc400, 0x14c00000)
 Metaspace       used 11946K, capacity 12282K, committed 12288K, reserved 12672K
Event: 1.594 GC heap after
Heap after GC invocations=3 (full 1):
 def new generation   total 39424K, used 0K [0x04c00000, 0x076c0000, 0x0f6a0000)
  eden space 35072K,   0% used [0x04c00000, 0x04c00000, 0x06e40000)
  from space 4352K,   0% used [0x06e40000, 0x06e40000, 0x07280000)
  to   space 4352K,   0% used [0x07280000, 0x07280000, 0x076c0000)
 tenured generation   total 87424K, used 10050K [0x0f6a0000, 0x14c00000, 0x24c00000)
   the space 87424K,  11% used [0x0f6a0000, 0x100709b8, 0x10070a00, 0x14c00000)
 Metaspace       used 11946K, capacity 12282K, committed 12288K, reserved 12672K
}
Event: 2.210 GC heap before
{Heap before GC invocations=3 (full 1):
 def new generation   total 39424K, used 34763K [0x04c00000, 0x076c0000, 0x0f6a0000)
  eden space 35072K,  99% used [0x04c00000, 0x06df2c00, 0x06e40000)
  from space 4352K,   0% used [0x06e40000, 0x06e40000, 0x07280000)
  to   space 4352K,   0% used [0x07280000, 0x07280000, 0x076c0000)
 tenured generation   total 87424K, used 10050K [0x0f6a0000, 0x14c00000, 0x24c00000)
   the space 87424K,  11% used [0x0f6a0000, 0x100709b8, 0x10070a00, 0x14c00000)
 Metaspace       used 16856K, capacity 17234K, committed 17280K, reserved 17792K
Event: 2.226 GC heap after
Heap after GC invocations=4 (full 1):
 def new generation   total 39424K, used 4352K [0x04c00000, 0x076c0000, 0x0f6a0000)
  eden space 35072K,   0% used [0x04c00000, 0x04c00000, 0x06e40000)
  from space 4352K, 100% used [0x07280000, 0x076c0000, 0x076c0000)
  to   space 4352K,   0% used [0x06e40000, 0x06e40000, 0x07280000)
 tenured generation   total 87424K, used 15721K [0x0f6a0000, 0x14c00000, 0x24c00000)
   the space 87424K,  17% used [0x0f6a0000, 0x105fa4a8, 0x105fa600, 0x14c00000)
 Metaspace       used 16856K, capacity 17234K, committed 17280K, reserved 17792K
}
Event: 35.490 GC heap before
{Heap before GC invocations=4 (full 1):
 def new generation   total 39424K, used 39424K [0x04c00000, 0x076c0000, 0x0f6a0000)
  eden space 35072K, 100% used [0x04c00000, 0x06e40000, 0x06e40000)
  from space 4352K, 100% used [0x07280000, 0x076c0000, 0x076c0000)
  to   space 4352K,   0% used [0x06e40000, 0x06e40000, 0x07280000)
 tenured generation   total 87424K, used 15721K [0x0f6a0000, 0x14c00000, 0x24c00000)
   the space 87424K,  17% used [0x0f6a0000, 0x105fa4a8, 0x105fa600, 0x14c00000)
 Metaspace       used 17157K, capacity 17557K, committed 17664K, reserved 17792K
Event: 35.515 GC heap after
Heap after GC invocations=5 (full 1):
 def new generation   total 39424K, used 1489K [0x04c00000, 0x076c0000, 0x0f6a0000)
  eden space 35072K,   0% used [0x04c00000, 0x04c00000, 0x06e40000)
  from space 4352K,  34% used [0x06e40000, 0x06fb4628, 0x07280000)
  to   space 4352K,   0% used [0x07280000, 0x07280000, 0x076c0000)
 tenured generation   total 87424K, used 18639K [0x0f6a0000, 0x14c00000, 0x24c00000)
   the space 87424K,  21% used [0x0f6a0000, 0x108d3fa0, 0x108d4000, 0x14c00000)
 Metaspace       used 17157K, capacity 17557K, committed 17664K, reserved 17792K
}

