# JRE version: Java(TM) SE Runtime Environment (8.0_91-b14) (build 1.8.0_91-b14)
# Java VM: Java HotSpot(TM) Client VM (25.91-b14 mixed mode windows-x86 )
Heap:
 def new generation   total 39424K, used 34322K [0x04a00000, 0x074c0000, 0x0f4a0000)
  eden space 35072K,  85% used [0x04a00000, 0x067449b0, 0x06c40000)
  from space 4352K, 100% used [0x07080000, 0x074c0000, 0x074c0000)
  to   space 4352K,   0% used [0x06c40000, 0x06c40000, 0x07080000)
 tenured generation   total 87424K, used 15741K [0x0f4a0000, 0x14a00000, 0x24a00000)
   the space 87424K,  18% used [0x0f4a0000, 0x103ff630, 0x103ff800, 0x14a00000)
 Metaspace       used 17146K, capacity 17520K, committed 17536K, reserved 17792K
GC Heap History (8 events):
Event: 0.725 GC heap before
{Heap before GC invocations=0 (full 0):
 def new generation   total 39296K, used 34944K [0x04a00000, 0x074a0000, 0x0f4a0000)
  eden space 34944K, 100% used [0x04a00000, 0x06c20000, 0x06c20000)
  from space 4352K,   0% used [0x06c20000, 0x06c20000, 0x07060000)
  to   space 4352K,   0% used [0x07060000, 0x07060000, 0x074a0000)
 tenured generation   total 87424K, used 0K [0x0f4a0000, 0x14a00000, 0x24a00000)
   the space 87424K,   0% used [0x0f4a0000, 0x0f4a0000, 0x0f4a0200, 0x14a00000)
 Metaspace       used 8040K, capacity 8195K, committed 8320K, reserved 8576K
Event: 0.735 GC heap after
Heap after GC invocations=1 (full 0):
 def new generation   total 39296K, used 4352K [0x04a00000, 0x074a0000, 0x0f4a0000)
  eden space 34944K,   0% used [0x04a00000, 0x04a00000, 0x06c20000)
  from space 4352K, 100% used [0x07060000, 0x074a0000, 0x074a0000)
  to   space 4352K,   0% used [0x06c20000, 0x06c20000, 0x07060000)
 tenured generation   total 87424K, used 2025K [0x0f4a0000, 0x14a00000, 0x24a00000)
   the space 87424K,   2% used [0x0f4a0000, 0x0f69a780, 0x0f69a800, 0x14a00000)
 Metaspace       used 8040K, capacity 8195K, committed 8320K, reserved 8576K
}
Event: 1.235 GC heap before
{Heap before GC invocations=1 (full 0):
 def new generation   total 39296K, used 39296K [0x04a00000, 0x074a0000, 0x0f4a0000)
  eden space 34944K, 100% used [0x04a00000, 0x06c20000, 0x06c20000)
  from space 4352K, 100% used [0x07060000, 0x074a0000, 0x074a0000)
  to   space 4352K,   0% used [0x06c20000, 0x06c20000, 0x07060000)
 tenured generation   total 87424K, used 2025K [0x0f4a0000, 0x14a00000, 0x24a00000)
   the space 87424K,   2% used [0x0f4a0000, 0x0f69a780, 0x0f69a800, 0x14a00000)
 Metaspace       used 11191K, capacity 11479K, committed 11520K, reserved 11648K
Event: 1.248 GC heap after
Heap after GC invocations=2 (full 0):
 def new generation   total 39296K, used 4352K [0x04a00000, 0x074a0000, 0x0f4a0000)
  eden space 34944K,   0% used [0x04a00000, 0x04a00000, 0x06c20000)
  from space 4352K, 100% used [0x06c20000, 0x07060000, 0x07060000)
  to   space 4352K,   0% used [0x07060000, 0x07060000, 0x074a0000)
 tenured generation   total 87424K, used 6188K [0x0f4a0000, 0x14a00000, 0x24a00000)
   the space 87424K,   7% used [0x0f4a0000, 0x0faab0f0, 0x0faab200, 0x14a00000)
 Metaspace       used 11191K, capacity 11479K, committed 11520K, reserved 11648K
}
Event: 1.628 GC heap before
{Heap before GC invocations=2 (full 0):
 def new generation   total 39296K, used 16775K [0x04a00000, 0x074a0000, 0x0f4a0000)
  eden space 34944K,  35% used [0x04a00000, 0x05621d50, 0x06c20000)
  from space 4352K, 100% used [0x06c20000, 0x07060000, 0x07060000)
  to   space 4352K,   0% used [0x07060000, 0x07060000, 0x074a0000)
 tenured generation   total 87424K, used 6188K [0x0f4a0000, 0x14a00000, 0x24a00000)
   the space 87424K,   7% used [0x0f4a0000, 0x0faab0f0, 0x0faab200, 0x14a00000)
 Metaspace       used 11955K, capacity 12282K, committed 12288K, reserved 12672K
Event: 1.649 GC heap after
Heap after GC invocations=3 (full 1):
 def new generation   total 39424K, used 0K [0x04a00000, 0x074c0000, 0x0f4a0000)
  eden space 35072K,   0% used [0x04a00000, 0x04a00000, 0x06c40000)
  from space 4352K,   0% used [0x06c40000, 0x06c40000, 0x07080000)
  to   space 4352K,   0% used [0x07080000, 0x07080000, 0x074c0000)
 tenured generation   total 87424K, used 9752K [0x0f4a0000, 0x14a00000, 0x24a00000)
   the space 87424K,  11% used [0x0f4a0000, 0x0fe262d8, 0x0fe26400, 0x14a00000)
 Metaspace       used 11955K, capacity 12282K, committed 12288K, reserved 12672K
}
Event: 2.366 GC heap before
{Heap before GC invocations=3 (full 1):
 def new generation   total 39424K, used 35072K [0x04a00000, 0x074c0000, 0x0f4a0000)
  eden space 35072K, 100% used [0x04a00000, 0x06c40000, 0x06c40000)
  from space 4352K,   0% used [0x06c40000, 0x06c40000, 0x07080000)
  to   space 4352K,   0% used [0x07080000, 0x07080000, 0x074c0000)
 tenured generation   total 87424K, used 9752K [0x0f4a0000, 0x14a00000, 0x24a00000)
   the space 87424K,  11% used [0x0f4a0000, 0x0fe262d8, 0x0fe26400, 0x14a00000)
 Metaspace       used 16860K, capacity 17266K, committed 17408K, reserved 17792K
Event: 2.380 GC heap after
Heap after GC invocations=4 (full 1):
 def new generation   total 39424K, used 4352K [0x04a00000, 0x074c0000, 0x0f4a0000)
  eden space 35072K,   0% used [0x04a00000, 0x04a00000, 0x06c40000)
  from space 4352K, 100% used [0x07080000, 0x074c0000, 0x074c0000)
  to   space 4352K,   0% used [0x06c40000, 0x06c40000, 0x07080000)
 tenured generation   total 87424K, used 15741K [0x0f4a0000, 0x14a00000, 0x24a00000)
   the space 87424K,  18% used [0x0f4a0000, 0x103ff630, 0x103ff800, 0x14a00000)
 Metaspace       used 16860K, capacity 17266K, committed 17408K, reserved 17792K
}

