# JRE version: Java(TM) SE Runtime Environment (8.0_91-b14) (build 1.8.0_91-b14)
# Java VM: Java HotSpot(TM) Client VM (25.91-b14 mixed mode windows-x86 )
Heap:
 def new generation   total 39424K, used 33971K [0x04600000, 0x070c0000, 0x0f0a0000)
  eden space 35072K,  87% used [0x04600000, 0x063f2510, 0x06840000)
  from space 4352K,  75% used [0x06c80000, 0x06fba948, 0x070c0000)
  to   space 4352K,   0% used [0x06840000, 0x06840000, 0x06c80000)
 tenured generation   total 87424K, used 42456K [0x0f0a0000, 0x14600000, 0x24600000)
   the space 87424K,  48% used [0x0f0a0000, 0x11a16088, 0x11a16200, 0x14600000)
 Metaspace       used 17653K, capacity 18035K, committed 18176K, reserved 18816K
GC Heap History (10 events):
Event: 321.985 GC heap before
{Heap before GC invocations=15 (full 1):
 def new generation   total 39424K, used 37586K [0x04600000, 0x070c0000, 0x0f0a0000)
  eden space 35072K, 100% used [0x04600000, 0x06840000, 0x06840000)
  from space 4352K,  57% used [0x06840000, 0x06ab49d0, 0x06c80000)
  to   space 4352K,   0% used [0x06c80000, 0x06c80000, 0x070c0000)
 tenured generation   total 87424K, used 33129K [0x0f0a0000, 0x14600000, 0x24600000)
   the space 87424K,  37% used [0x0f0a0000, 0x110fa4e0, 0x110fa600, 0x14600000)
 Metaspace       used 17653K, capacity 18035K, committed 18176K, reserved 18816K
Event: 322.010 GC heap after
Heap after GC invocations=16 (full 1):
 def new generation   total 39424K, used 3167K [0x04600000, 0x070c0000, 0x0f0a0000)
  eden space 35072K,   0% used [0x04600000, 0x04600000, 0x06840000)
  from space 4352K,  72% used [0x06c80000, 0x06f97e08, 0x070c0000)
  to   space 4352K,   0% used [0x06840000, 0x06840000, 0x06c80000)
 tenured generation   total 87424K, used 33891K [0x0f0a0000, 0x14600000, 0x24600000)
   the space 87424K,  38% used [0x0f0a0000, 0x111b8e08, 0x111b9000, 0x14600000)
 Metaspace       used 17653K, capacity 18035K, committed 18176K, reserved 18816K
}
Event: 356.350 GC heap before
{Heap before GC invocations=16 (full 1):
 def new generation   total 39424K, used 38239K [0x04600000, 0x070c0000, 0x0f0a0000)
  eden space 35072K, 100% used [0x04600000, 0x06840000, 0x06840000)
  from space 4352K,  72% used [0x06c80000, 0x06f97e08, 0x070c0000)
  to   space 4352K,   0% used [0x06840000, 0x06840000, 0x06c80000)
 tenured generation   total 87424K, used 33891K [0x0f0a0000, 0x14600000, 0x24600000)
   the space 87424K,  38% used [0x0f0a0000, 0x111b8e08, 0x111b9000, 0x14600000)
 Metaspace       used 17653K, capacity 18035K, committed 18176K, reserved 18816K
Event: 356.382 GC heap after
Heap after GC invocations=17 (full 1):
 def new generation   total 39424K, used 3034K [0x04600000, 0x070c0000, 0x0f0a0000)
  eden space 35072K,   0% used [0x04600000, 0x04600000, 0x06840000)
  from space 4352K,  69% used [0x06840000, 0x06b369f8, 0x06c80000)
  to   space 4352K,   0% used [0x06c80000, 0x06c80000, 0x070c0000)
 tenured generation   total 87424K, used 35569K [0x0f0a0000, 0x14600000, 0x24600000)
   the space 87424K,  40% used [0x0f0a0000, 0x1135c488, 0x1135c600, 0x14600000)
 Metaspace       used 17653K, capacity 18035K, committed 18176K, reserved 18816K
}
Event: 400.731 GC heap before
{Heap before GC invocations=17 (full 1):
 def new generation   total 39424K, used 38106K [0x04600000, 0x070c0000, 0x0f0a0000)
  eden space 35072K, 100% used [0x04600000, 0x06840000, 0x06840000)
  from space 4352K,  69% used [0x06840000, 0x06b369f8, 0x06c80000)
  to   space 4352K,   0% used [0x06c80000, 0x06c80000, 0x070c0000)
 tenured generation   total 87424K, used 35569K [0x0f0a0000, 0x14600000, 0x24600000)
   the space 87424K,  40% used [0x0f0a0000, 0x1135c488, 0x1135c600, 0x14600000)
 Metaspace       used 17653K, capacity 18035K, committed 18176K, reserved 18816K
Event: 400.755 GC heap after
Heap after GC invocations=18 (full 1):
 def new generation   total 39424K, used 2716K [0x04600000, 0x070c0000, 0x0f0a0000)
  eden space 35072K,   0% used [0x04600000, 0x04600000, 0x06840000)
  from space 4352K,  62% used [0x06c80000, 0x06f271c8, 0x070c0000)
  to   space 4352K,   0% used [0x06840000, 0x06840000, 0x06c80000)
 tenured generation   total 87424K, used 36961K [0x0f0a0000, 0x14600000, 0x24600000)
   the space 87424K,  42% used [0x0f0a0000, 0x114b87c0, 0x114b8800, 0x14600000)
 Metaspace       used 17653K, capacity 18035K, committed 18176K, reserved 18816K
}
Event: 443.409 GC heap before
{Heap before GC invocations=18 (full 1):
 def new generation   total 39424K, used 37788K [0x04600000, 0x070c0000, 0x0f0a0000)
  eden space 35072K, 100% used [0x04600000, 0x06840000, 0x06840000)
  from space 4352K,  62% used [0x06c80000, 0x06f271c8, 0x070c0000)
  to   space 4352K,   0% used [0x06840000, 0x06840000, 0x06c80000)
 tenured generation   total 87424K, used 36961K [0x0f0a0000, 0x14600000, 0x24600000)
   the space 87424K,  42% used [0x0f0a0000, 0x114b87c0, 0x114b8800, 0x14600000)
 Metaspace       used 17653K, capacity 18035K, committed 18176K, reserved 18816K
Event: 443.429 GC heap after
Heap after GC invocations=19 (full 1):
 def new generation   total 39424K, used 2160K [0x04600000, 0x070c0000, 0x0f0a0000)
  eden space 35072K,   0% used [0x04600000, 0x04600000, 0x06840000)
  from space 4352K,  49% used [0x06840000, 0x06a5c060, 0x06c80000)
  to   space 4352K,   0% used [0x06c80000, 0x06c80000, 0x070c0000)
 tenured generation   total 87424K, used 42456K [0x0f0a0000, 0x14600000, 0x24600000)
   the space 87424K,  48% used [0x0f0a0000, 0x11a16088, 0x11a16200, 0x14600000)
 Metaspace       used 17653K, capacity 18035K, committed 18176K, reserved 18816K
}
Event: 490.441 GC heap before
{Heap before GC invocations=19 (full 1):
 def new generation   total 39424K, used 37232K [0x04600000, 0x070c0000, 0x0f0a0000)
  eden space 35072K, 100% used [0x04600000, 0x06840000, 0x06840000)
  from space 4352K,  49% used [0x06840000, 0x06a5c060, 0x06c80000)
  to   space 4352K,   0% used [0x06c80000, 0x06c80000, 0x070c0000)
 tenured generation   total 87424K, used 42456K [0x0f0a0000, 0x14600000, 0x24600000)
   the space 87424K,  48% used [0x0f0a0000, 0x11a16088, 0x11a16200, 0x14600000)
 Metaspace       used 17653K, capacity 18035K, committed 18176K, reserved 18816K
Event: 490.466 GC heap after
Heap after GC invocations=20 (full 1):
 def new generation   total 39424K, used 3306K [0x04600000, 0x070c0000, 0x0f0a0000)
  eden space 35072K,   0% used [0x04600000, 0x04600000, 0x06840000)
  from space 4352K,  75% used [0x06c80000, 0x06fba948, 0x070c0000)
  to   space 4352K,   0% used [0x06840000, 0x06840000, 0x06c80000)
 tenured generation   total 87424K, used 42456K [0x0f0a0000, 0x14600000, 0x24600000)
   the space 87424K,  48% used [0x0f0a0000, 0x11a16088, 0x11a16200, 0x14600000)
 Metaspace       used 17653K, capacity 18035K, committed 18176K, reserved 18816K
}

