# JRE version: Java(TM) SE Runtime Environment (8.0_91-b14) (build 1.8.0_91-b14)
# Java VM: Java HotSpot(TM) Client VM (25.91-b14 mixed mode windows-x86 )
Heap:
 def new generation   total 39424K, used 7646K [0x04800000, 0x072c0000, 0x0f2a0000)
  eden space 35072K,  13% used [0x04800000, 0x04ca2830, 0x06a40000)
  from space 4352K,  66% used [0x06e80000, 0x071550f8, 0x072c0000)
  to   space 4352K,   0% used [0x06a40000, 0x06a40000, 0x06e80000)
 tenured generation   total 87424K, used 25326K [0x0f2a0000, 0x14800000, 0x24800000)
   the space 87424K,  28% used [0x0f2a0000, 0x10b5bb80, 0x10b5bc00, 0x14800000)
 Metaspace       used 17418K, capacity 17806K, committed 17920K, reserved 18816K
GC Heap History (10 events):
Event: 2.374 GC heap before
{Heap before GC invocations=3 (full 1):
 def new generation   total 39424K, used 35072K [0x04800000, 0x072c0000, 0x0f2a0000)
  eden space 35072K, 100% used [0x04800000, 0x06a40000, 0x06a40000)
  from space 4352K,   0% used [0x06a40000, 0x06a40000, 0x06e80000)
  to   space 4352K,   0% used [0x06e80000, 0x06e80000, 0x072c0000)
 tenured generation   total 87424K, used 9982K [0x0f2a0000, 0x14800000, 0x24800000)
   the space 87424K,  11% used [0x0f2a0000, 0x0fc5f848, 0x0fc5fa00, 0x14800000)
 Metaspace       used 16847K, capacity 17234K, committed 17280K, reserved 17792K
Event: 2.388 GC heap after
Heap after GC invocations=4 (full 1):
 def new generation   total 39424K, used 4352K [0x04800000, 0x072c0000, 0x0f2a0000)
  eden space 35072K,   0% used [0x04800000, 0x04800000, 0x06a40000)
  from space 4352K, 100% used [0x06e80000, 0x072c0000, 0x072c0000)
  to   space 4352K,   0% used [0x06a40000, 0x06a40000, 0x06e80000)
 tenured generation   total 87424K, used 16134K [0x0f2a0000, 0x14800000, 0x24800000)
   the space 87424K,  18% used [0x0f2a0000, 0x102619d0, 0x10261a00, 0x14800000)
 Metaspace       used 16847K, capacity 17234K, committed 17280K, reserved 17792K
}
Event: 28.355 GC heap before
{Heap before GC invocations=4 (full 1):
 def new generation   total 39424K, used 39424K [0x04800000, 0x072c0000, 0x0f2a0000)
  eden space 35072K, 100% used [0x04800000, 0x06a40000, 0x06a40000)
  from space 4352K, 100% used [0x06e80000, 0x072c0000, 0x072c0000)
  to   space 4352K,   0% used [0x06a40000, 0x06a40000, 0x06e80000)
 tenured generation   total 87424K, used 16134K [0x0f2a0000, 0x14800000, 0x24800000)
   the space 87424K,  18% used [0x0f2a0000, 0x102619d0, 0x10261a00, 0x14800000)
 Metaspace       used 17310K, capacity 17690K, committed 17792K, reserved 17792K
Event: 28.386 GC heap after
Heap after GC invocations=5 (full 1):
 def new generation   total 39424K, used 4122K [0x04800000, 0x072c0000, 0x0f2a0000)
  eden space 35072K,   0% used [0x04800000, 0x04800000, 0x06a40000)
  from space 4352K,  94% used [0x06a40000, 0x06e46878, 0x06e80000)
  to   space 4352K,   0% used [0x06e80000, 0x06e80000, 0x072c0000)
 tenured generation   total 87424K, used 19143K [0x0f2a0000, 0x14800000, 0x24800000)
   the space 87424K,  21% used [0x0f2a0000, 0x10551ee0, 0x10552000, 0x14800000)
 Metaspace       used 17310K, capacity 17690K, committed 17792K, reserved 17792K
}
Event: 71.703 GC heap before
{Heap before GC invocations=5 (full 1):
 def new generation   total 39424K, used 39194K [0x04800000, 0x072c0000, 0x0f2a0000)
  eden space 35072K, 100% used [0x04800000, 0x06a40000, 0x06a40000)
  from space 4352K,  94% used [0x06a40000, 0x06e46878, 0x06e80000)
  to   space 4352K,   0% used [0x06e80000, 0x06e80000, 0x072c0000)
 tenured generation   total 87424K, used 19143K [0x0f2a0000, 0x14800000, 0x24800000)
   the space 87424K,  21% used [0x0f2a0000, 0x10551ee0, 0x10552000, 0x14800000)
 Metaspace       used 17363K, capacity 17756K, committed 17792K, reserved 17792K
Event: 71.731 GC heap after
Heap after GC invocations=6 (full 1):
 def new generation   total 39424K, used 2955K [0x04800000, 0x072c0000, 0x0f2a0000)
  eden space 35072K,   0% used [0x04800000, 0x04800000, 0x06a40000)
  from space 4352K,  67% used [0x06e80000, 0x07162fd0, 0x072c0000)
  to   space 4352K,   0% used [0x06a40000, 0x06a40000, 0x06e80000)
 tenured generation   total 87424K, used 22846K [0x0f2a0000, 0x14800000, 0x24800000)
   the space 87424K,  26% used [0x0f2a0000, 0x108efa80, 0x108efc00, 0x14800000)
 Metaspace       used 17363K, capacity 17756K, committed 17792K, reserved 17792K
}
Event: 107.320 GC heap before
{Heap before GC invocations=6 (full 1):
 def new generation   total 39424K, used 38027K [0x04800000, 0x072c0000, 0x0f2a0000)
  eden space 35072K, 100% used [0x04800000, 0x06a40000, 0x06a40000)
  from space 4352K,  67% used [0x06e80000, 0x07162fd0, 0x072c0000)
  to   space 4352K,   0% used [0x06a40000, 0x06a40000, 0x06e80000)
 tenured generation   total 87424K, used 22846K [0x0f2a0000, 0x14800000, 0x24800000)
   the space 87424K,  26% used [0x0f2a0000, 0x108efa80, 0x108efc00, 0x14800000)
 Metaspace       used 17418K, capacity 17806K, committed 17920K, reserved 18816K
Event: 107.334 GC heap after
Heap after GC invocations=7 (full 1):
 def new generation   total 39424K, used 1841K [0x04800000, 0x072c0000, 0x0f2a0000)
  eden space 35072K,   0% used [0x04800000, 0x04800000, 0x06a40000)
  from space 4352K,  42% used [0x06a40000, 0x06c0c740, 0x06e80000)
  to   space 4352K,   0% used [0x06e80000, 0x06e80000, 0x072c0000)
 tenured generation   total 87424K, used 25326K [0x0f2a0000, 0x14800000, 0x24800000)
   the space 87424K,  28% used [0x0f2a0000, 0x10b5bb80, 0x10b5bc00, 0x14800000)
 Metaspace       used 17418K, capacity 17806K, committed 17920K, reserved 18816K
}
Event: 128.102 GC heap before
{Heap before GC invocations=7 (full 1):
 def new generation   total 39424K, used 36913K [0x04800000, 0x072c0000, 0x0f2a0000)
  eden space 35072K, 100% used [0x04800000, 0x06a40000, 0x06a40000)
  from space 4352K,  42% used [0x06a40000, 0x06c0c740, 0x06e80000)
  to   space 4352K,   0% used [0x06e80000, 0x06e80000, 0x072c0000)
 tenured generation   total 87424K, used 25326K [0x0f2a0000, 0x14800000, 0x24800000)
   the space 87424K,  28% used [0x0f2a0000, 0x10b5bb80, 0x10b5bc00, 0x14800000)
 Metaspace       used 17418K, capacity 17806K, committed 17920K, reserved 18816K
Event: 128.122 GC heap after
Heap after GC invocations=8 (full 1):
 def new generation   total 39424K, used 2900K [0x04800000, 0x072c0000, 0x0f2a0000)
  eden space 35072K,   0% used [0x04800000, 0x04800000, 0x06a40000)
  from space 4352K,  66% used [0x06e80000, 0x071550f8, 0x072c0000)
  to   space 4352K,   0% used [0x06a40000, 0x06a40000, 0x06e80000)
 tenured generation   total 87424K, used 25326K [0x0f2a0000, 0x14800000, 0x24800000)
   the space 87424K,  28% used [0x0f2a0000, 0x10b5bb80, 0x10b5bc00, 0x14800000)
 Metaspace       used 17418K, capacity 17806K, committed 17920K, reserved 18816K
}

