# JRE version: Java(TM) SE Runtime Environment (8.0_91-b14) (build 1.8.0_91-b14)
# Java VM: Java HotSpot(TM) Client VM (25.91-b14 mixed mode windows-x86 )
Heap:
 def new generation   total 39424K, used 22830K [0x05000000, 0x07ac0000, 0x0faa0000)
  eden space 35072K,  61% used [0x05000000, 0x065286b8, 0x07240000)
  from space 4352K,  26% used [0x07680000, 0x077a3338, 0x07ac0000)
  to   space 4352K,   0% used [0x07240000, 0x07240000, 0x07680000)
 tenured generation   total 87424K, used 18891K [0x0faa0000, 0x15000000, 0x25000000)
   the space 87424K,  21% used [0x0faa0000, 0x10d12f78, 0x10d13000, 0x15000000)
 Metaspace       used 17273K, capacity 17705K, committed 17792K, reserved 17792K
GC Heap History (10 events):
Event: 1.079 GC heap before
{Heap before GC invocations=1 (full 0):
 def new generation   total 39296K, used 39296K [0x05000000, 0x07aa0000, 0x0faa0000)
  eden space 34944K, 100% used [0x05000000, 0x07220000, 0x07220000)
  from space 4352K, 100% used [0x07660000, 0x07aa0000, 0x07aa0000)
  to   space 4352K,   0% used [0x07220000, 0x07220000, 0x07660000)
 tenured generation   total 87424K, used 2129K [0x0faa0000, 0x15000000, 0x25000000)
   the space 87424K,   2% used [0x0faa0000, 0x0fcb4520, 0x0fcb4600, 0x15000000)
 Metaspace       used 11505K, capacity 11801K, committed 11904K, reserved 12672K
Event: 1.092 GC heap after
Heap after GC invocations=2 (full 0):
 def new generation   total 39296K, used 4352K [0x05000000, 0x07aa0000, 0x0faa0000)
  eden space 34944K,   0% used [0x05000000, 0x05000000, 0x07220000)
  from space 4352K, 100% used [0x07220000, 0x07660000, 0x07660000)
  to   space 4352K,   0% used [0x07660000, 0x07660000, 0x07aa0000)
 tenured generation   total 87424K, used 6611K [0x0faa0000, 0x15000000, 0x25000000)
   the space 87424K,   7% used [0x0faa0000, 0x10114c00, 0x10114c00, 0x15000000)
 Metaspace       used 11505K, capacity 11801K, committed 11904K, reserved 12672K
}
Event: 1.334 GC heap before
{Heap before GC invocations=2 (full 0):
 def new generation   total 39296K, used 16203K [0x05000000, 0x07aa0000, 0x0faa0000)
  eden space 34944K,  33% used [0x05000000, 0x05b92f10, 0x07220000)
  from space 4352K, 100% used [0x07220000, 0x07660000, 0x07660000)
  to   space 4352K,   0% used [0x07660000, 0x07660000, 0x07aa0000)
 tenured generation   total 87424K, used 6611K [0x0faa0000, 0x15000000, 0x25000000)
   the space 87424K,   7% used [0x0faa0000, 0x10114c00, 0x10114c00, 0x15000000)
 Metaspace       used 11967K, capacity 12282K, committed 12288K, reserved 12672K
Event: 1.355 GC heap after
Heap after GC invocations=3 (full 1):
 def new generation   total 39424K, used 0K [0x05000000, 0x07ac0000, 0x0faa0000)
  eden space 35072K,   0% used [0x05000000, 0x05000000, 0x07240000)
  from space 4352K,   0% used [0x07240000, 0x07240000, 0x07680000)
  to   space 4352K,   0% used [0x07680000, 0x07680000, 0x07ac0000)
 tenured generation   total 87424K, used 10017K [0x0faa0000, 0x15000000, 0x25000000)
   the space 87424K,  11% used [0x0faa0000, 0x10468590, 0x10468600, 0x15000000)
 Metaspace       used 11967K, capacity 12282K, committed 12288K, reserved 12672K
}
Event: 1.857 GC heap before
{Heap before GC invocations=3 (full 1):
 def new generation   total 39424K, used 35072K [0x05000000, 0x07ac0000, 0x0faa0000)
  eden space 35072K, 100% used [0x05000000, 0x07240000, 0x07240000)
  from space 4352K,   0% used [0x07240000, 0x07240000, 0x07680000)
  to   space 4352K,   0% used [0x07680000, 0x07680000, 0x07ac0000)
 tenured generation   total 87424K, used 10017K [0x0faa0000, 0x15000000, 0x25000000)
   the space 87424K,  11% used [0x0faa0000, 0x10468590, 0x10468600, 0x15000000)
 Metaspace       used 16830K, capacity 17202K, committed 17280K, reserved 17792K
Event: 1.870 GC heap after
Heap after GC invocations=4 (full 1):
 def new generation   total 39424K, used 4352K [0x05000000, 0x07ac0000, 0x0faa0000)
  eden space 35072K,   0% used [0x05000000, 0x05000000, 0x07240000)
  from space 4352K, 100% used [0x07680000, 0x07ac0000, 0x07ac0000)
  to   space 4352K,   0% used [0x07240000, 0x07240000, 0x07680000)
 tenured generation   total 87424K, used 15753K [0x0faa0000, 0x15000000, 0x25000000)
   the space 87424K,  18% used [0x0faa0000, 0x10a026e8, 0x10a02800, 0x15000000)
 Metaspace       used 16830K, capacity 17202K, committed 17280K, reserved 17792K
}
Event: 93.371 GC heap before
{Heap before GC invocations=4 (full 1):
 def new generation   total 39424K, used 39424K [0x05000000, 0x07ac0000, 0x0faa0000)
  eden space 35072K, 100% used [0x05000000, 0x07240000, 0x07240000)
  from space 4352K, 100% used [0x07680000, 0x07ac0000, 0x07ac0000)
  to   space 4352K,   0% used [0x07240000, 0x07240000, 0x07680000)
 tenured generation   total 87424K, used 15753K [0x0faa0000, 0x15000000, 0x25000000)
   the space 87424K,  18% used [0x0faa0000, 0x10a026e8, 0x10a02800, 0x15000000)
 Metaspace       used 17034K, capacity 17419K, committed 17536K, reserved 17792K
Event: 93.378 GC heap after
Heap after GC invocations=5 (full 1):
 def new generation   total 39424K, used 991K [0x05000000, 0x07ac0000, 0x0faa0000)
  eden space 35072K,   0% used [0x05000000, 0x05000000, 0x07240000)
  from space 4352K,  22% used [0x07240000, 0x07337d48, 0x07680000)
  to   space 4352K,   0% used [0x07680000, 0x07680000, 0x07ac0000)
 tenured generation   total 87424K, used 18891K [0x0faa0000, 0x15000000, 0x25000000)
   the space 87424K,  21% used [0x0faa0000, 0x10d12f78, 0x10d13000, 0x15000000)
 Metaspace       used 17034K, capacity 17419K, committed 17536K, reserved 17792K
}
Event: 127.600 GC heap before
{Heap before GC invocations=5 (full 1):
 def new generation   total 39424K, used 36063K [0x05000000, 0x07ac0000, 0x0faa0000)
  eden space 35072K, 100% used [0x05000000, 0x07240000, 0x07240000)
  from space 4352K,  22% used [0x07240000, 0x07337d48, 0x07680000)
  to   space 4352K,   0% used [0x07680000, 0x07680000, 0x07ac0000)
 tenured generation   total 87424K, used 18891K [0x0faa0000, 0x15000000, 0x25000000)
   the space 87424K,  21% used [0x0faa0000, 0x10d12f78, 0x10d13000, 0x15000000)
 Metaspace       used 17073K, capacity 17456K, committed 17536K, reserved 17792K
Event: 127.607 GC heap after
Heap after GC invocations=6 (full 1):
 def new generation   total 39424K, used 1164K [0x05000000, 0x07ac0000, 0x0faa0000)
  eden space 35072K,   0% used [0x05000000, 0x05000000, 0x07240000)
  from space 4352K,  26% used [0x07680000, 0x077a3338, 0x07ac0000)
  to   space 4352K,   0% used [0x07240000, 0x07240000, 0x07680000)
 tenured generation   total 87424K, used 18891K [0x0faa0000, 0x15000000, 0x25000000)
   the space 87424K,  21% used [0x0faa0000, 0x10d12f78, 0x10d13000, 0x15000000)
 Metaspace       used 17073K, capacity 17456K, committed 17536K, reserved 17792K
}

