# JRE version: Java(TM) SE Runtime Environment (8.0_91-b14) (build 1.8.0_91-b14)
# Java VM: Java HotSpot(TM) Client VM (25.91-b14 mixed mode windows-x86 )
Heap:
 def new generation   total 39424K, used 29050K [0x04600000, 0x070c0000, 0x0f0a0000)
  eden space 35072K,  70% used [0x04600000, 0x05e1e9a8, 0x06840000)
  from space 4352K, 100% used [0x06c80000, 0x070c0000, 0x070c0000)
  to   space 4352K,   0% used [0x06840000, 0x06840000, 0x06c80000)
 tenured generation   total 87424K, used 15707K [0x0f0a0000, 0x14600000, 0x24600000)
   the space 87424K,  17% used [0x0f0a0000, 0x0fff6ed8, 0x0fff7000, 0x14600000)
 Metaspace       used 17145K, capacity 17520K, committed 17536K, reserved 17792K
GC Heap History (8 events):
Event: 0.669 GC heap before
{Heap before GC invocations=0 (full 0):
 def new generation   total 39296K, used 34944K [0x04600000, 0x070a0000, 0x0f0a0000)
  eden space 34944K, 100% used [0x04600000, 0x06820000, 0x06820000)
  from space 4352K,   0% used [0x06820000, 0x06820000, 0x06c60000)
  to   space 4352K,   0% used [0x06c60000, 0x06c60000, 0x070a0000)
 tenured generation   total 87424K, used 0K [0x0f0a0000, 0x14600000, 0x24600000)
   the space 87424K,   0% used [0x0f0a0000, 0x0f0a0000, 0x0f0a0200, 0x14600000)
 Metaspace       used 8042K, capacity 8195K, committed 8320K, reserved 8576K
Event: 0.679 GC heap after
Heap after GC invocations=1 (full 0):
 def new generation   total 39296K, used 4352K [0x04600000, 0x070a0000, 0x0f0a0000)
  eden space 34944K,   0% used [0x04600000, 0x04600000, 0x06820000)
  from space 4352K, 100% used [0x06c60000, 0x070a0000, 0x070a0000)
  to   space 4352K,   0% used [0x06820000, 0x06820000, 0x06c60000)
 tenured generation   total 87424K, used 2026K [0x0f0a0000, 0x14600000, 0x24600000)
   the space 87424K,   2% used [0x0f0a0000, 0x0f29ab38, 0x0f29ac00, 0x14600000)
 Metaspace       used 8042K, capacity 8195K, committed 8320K, reserved 8576K
}
Event: 1.136 GC heap before
{Heap before GC invocations=1 (full 0):
 def new generation   total 39296K, used 39296K [0x04600000, 0x070a0000, 0x0f0a0000)
  eden space 34944K, 100% used [0x04600000, 0x06820000, 0x06820000)
  from space 4352K, 100% used [0x06c60000, 0x070a0000, 0x070a0000)
  to   space 4352K,   0% used [0x06820000, 0x06820000, 0x06c60000)
 tenured generation   total 87424K, used 2026K [0x0f0a0000, 0x14600000, 0x24600000)
   the space 87424K,   2% used [0x0f0a0000, 0x0f29ab38, 0x0f29ac00, 0x14600000)
 Metaspace       used 11469K, capacity 11799K, committed 11904K, reserved 12672K
Event: 1.150 GC heap after
Heap after GC invocations=2 (full 0):
 def new generation   total 39296K, used 4352K [0x04600000, 0x070a0000, 0x0f0a0000)
  eden space 34944K,   0% used [0x04600000, 0x04600000, 0x06820000)
  from space 4352K, 100% used [0x06820000, 0x06c60000, 0x06c60000)
  to   space 4352K,   0% used [0x06c60000, 0x06c60000, 0x070a0000)
 tenured generation   total 87424K, used 6469K [0x0f0a0000, 0x14600000, 0x24600000)
   the space 87424K,   7% used [0x0f0a0000, 0x0f6f1668, 0x0f6f1800, 0x14600000)
 Metaspace       used 11469K, capacity 11799K, committed 11904K, reserved 12672K
}
Event: 1.435 GC heap before
{Heap before GC invocations=2 (full 0):
 def new generation   total 39296K, used 17670K [0x04600000, 0x070a0000, 0x0f0a0000)
  eden space 34944K,  38% used [0x04600000, 0x05301928, 0x06820000)
  from space 4352K, 100% used [0x06820000, 0x06c60000, 0x06c60000)
  to   space 4352K,   0% used [0x06c60000, 0x06c60000, 0x070a0000)
 tenured generation   total 87424K, used 6469K [0x0f0a0000, 0x14600000, 0x24600000)
   the space 87424K,   7% used [0x0f0a0000, 0x0f6f1668, 0x0f6f1800, 0x14600000)
 Metaspace       used 11944K, capacity 12282K, committed 12288K, reserved 12672K
Event: 1.454 GC heap after
Heap after GC invocations=3 (full 1):
 def new generation   total 39424K, used 0K [0x04600000, 0x070c0000, 0x0f0a0000)
  eden space 35072K,   0% used [0x04600000, 0x04600000, 0x06840000)
  from space 4352K,   0% used [0x06840000, 0x06840000, 0x06c80000)
  to   space 4352K,   0% used [0x06c80000, 0x06c80000, 0x070c0000)
 tenured generation   total 87424K, used 10041K [0x0f0a0000, 0x14600000, 0x24600000)
   the space 87424K,  11% used [0x0f0a0000, 0x0fa6e798, 0x0fa6e800, 0x14600000)
 Metaspace       used 11944K, capacity 12282K, committed 12288K, reserved 12672K
}
Event: 2.330 GC heap before
{Heap before GC invocations=3 (full 1):
 def new generation   total 39424K, used 35072K [0x04600000, 0x070c0000, 0x0f0a0000)
  eden space 35072K, 100% used [0x04600000, 0x06840000, 0x06840000)
  from space 4352K,   0% used [0x06840000, 0x06840000, 0x06c80000)
  to   space 4352K,   0% used [0x06c80000, 0x06c80000, 0x070c0000)
 tenured generation   total 87424K, used 10041K [0x0f0a0000, 0x14600000, 0x24600000)
   the space 87424K,  11% used [0x0f0a0000, 0x0fa6e798, 0x0fa6e800, 0x14600000)
 Metaspace       used 16870K, capacity 17266K, committed 17408K, reserved 17792K
Event: 2.342 GC heap after
Heap after GC invocations=4 (full 1):
 def new generation   total 39424K, used 4352K [0x04600000, 0x070c0000, 0x0f0a0000)
  eden space 35072K,   0% used [0x04600000, 0x04600000, 0x06840000)
  from space 4352K, 100% used [0x06c80000, 0x070c0000, 0x070c0000)
  to   space 4352K,   0% used [0x06840000, 0x06840000, 0x06c80000)
 tenured generation   total 87424K, used 15707K [0x0f0a0000, 0x14600000, 0x24600000)
   the space 87424K,  17% used [0x0f0a0000, 0x0fff6ed8, 0x0fff7000, 0x14600000)
 Metaspace       used 16870K, capacity 17266K, committed 17408K, reserved 17792K
}

