# JRE version: Java(TM) SE Runtime Environment (8.0_91-b14) (build 1.8.0_91-b14)
# Java VM: Java HotSpot(TM) Client VM (25.91-b14 mixed mode windows-x86 )
Heap:
 def new generation   total 39424K, used 19321K [0x04600000, 0x070c0000, 0x0f0a0000)
  eden space 35072K,  49% used [0x04600000, 0x056dfda8, 0x06840000)
  from space 4352K,  46% used [0x06c80000, 0x06e7e870, 0x070c0000)
  to   space 4352K,   0% used [0x06840000, 0x06840000, 0x06c80000)
 tenured generation   total 87424K, used 24928K [0x0f0a0000, 0x14600000, 0x24600000)
   the space 87424K,  28% used [0x0f0a0000, 0x108f80e8, 0x108f8200, 0x14600000)
 Metaspace       used 17646K, capacity 18060K, committed 18176K, reserved 18816K
GC Heap History (10 events):
Event: 292.474 GC heap before
{Heap before GC invocations=11 (full 1):
 def new generation   total 39424K, used 37355K [0x04600000, 0x070c0000, 0x0f0a0000)
  eden space 35072K, 100% used [0x04600000, 0x06840000, 0x06840000)
  from space 4352K,  52% used [0x06840000, 0x06a7afe8, 0x06c80000)
  to   space 4352K,   0% used [0x06c80000, 0x06c80000, 0x070c0000)
 tenured generation   total 87424K, used 24282K [0x0f0a0000, 0x14600000, 0x24600000)
   the space 87424K,  27% used [0x0f0a0000, 0x10856b98, 0x10856c00, 0x14600000)
 Metaspace       used 17642K, capacity 18060K, committed 18176K, reserved 18816K
Event: 292.478 GC heap after
Heap after GC invocations=12 (full 1):
 def new generation   total 39424K, used 1703K [0x04600000, 0x070c0000, 0x0f0a0000)
  eden space 35072K,   0% used [0x04600000, 0x04600000, 0x06840000)
  from space 4352K,  39% used [0x06c80000, 0x06e29cb8, 0x070c0000)
  to   space 4352K,   0% used [0x06840000, 0x06840000, 0x06c80000)
 tenured generation   total 87424K, used 24928K [0x0f0a0000, 0x14600000, 0x24600000)
   the space 87424K,  28% used [0x0f0a0000, 0x108f80e8, 0x108f8200, 0x14600000)
 Metaspace       used 17642K, capacity 18060K, committed 18176K, reserved 18816K
}
Event: 321.489 GC heap before
{Heap before GC invocations=12 (full 1):
 def new generation   total 39424K, used 36775K [0x04600000, 0x070c0000, 0x0f0a0000)
  eden space 35072K, 100% used [0x04600000, 0x06840000, 0x06840000)
  from space 4352K,  39% used [0x06c80000, 0x06e29cb8, 0x070c0000)
  to   space 4352K,   0% used [0x06840000, 0x06840000, 0x06c80000)
 tenured generation   total 87424K, used 24928K [0x0f0a0000, 0x14600000, 0x24600000)
   the space 87424K,  28% used [0x0f0a0000, 0x108f80e8, 0x108f8200, 0x14600000)
 Metaspace       used 17642K, capacity 18060K, committed 18176K, reserved 18816K
Event: 321.501 GC heap after
Heap after GC invocations=13 (full 1):
 def new generation   total 39424K, used 1789K [0x04600000, 0x070c0000, 0x0f0a0000)
  eden space 35072K,   0% used [0x04600000, 0x04600000, 0x06840000)
  from space 4352K,  41% used [0x06840000, 0x069ff6b8, 0x06c80000)
  to   space 4352K,   0% used [0x06c80000, 0x06c80000, 0x070c0000)
 tenured generation   total 87424K, used 24928K [0x0f0a0000, 0x14600000, 0x24600000)
   the space 87424K,  28% used [0x0f0a0000, 0x108f80e8, 0x108f8200, 0x14600000)
 Metaspace       used 17642K, capacity 18060K, committed 18176K, reserved 18816K
}
Event: 363.490 GC heap before
{Heap before GC invocations=13 (full 1):
 def new generation   total 39424K, used 36861K [0x04600000, 0x070c0000, 0x0f0a0000)
  eden space 35072K, 100% used [0x04600000, 0x06840000, 0x06840000)
  from space 4352K,  41% used [0x06840000, 0x069ff6b8, 0x06c80000)
  to   space 4352K,   0% used [0x06c80000, 0x06c80000, 0x070c0000)
 tenured generation   total 87424K, used 24928K [0x0f0a0000, 0x14600000, 0x24600000)
   the space 87424K,  28% used [0x0f0a0000, 0x108f80e8, 0x108f8200, 0x14600000)
 Metaspace       used 17643K, capacity 18060K, committed 18176K, reserved 18816K
Event: 363.503 GC heap after
Heap after GC invocations=14 (full 1):
 def new generation   total 39424K, used 2064K [0x04600000, 0x070c0000, 0x0f0a0000)
  eden space 35072K,   0% used [0x04600000, 0x04600000, 0x06840000)
  from space 4352K,  47% used [0x06c80000, 0x06e84068, 0x070c0000)
  to   space 4352K,   0% used [0x06840000, 0x06840000, 0x06c80000)
 tenured generation   total 87424K, used 24928K [0x0f0a0000, 0x14600000, 0x24600000)
   the space 87424K,  28% used [0x0f0a0000, 0x108f80e8, 0x108f8200, 0x14600000)
 Metaspace       used 17643K, capacity 18060K, committed 18176K, reserved 18816K
}
Event: 392.063 GC heap before
{Heap before GC invocations=14 (full 1):
 def new generation   total 39424K, used 37136K [0x04600000, 0x070c0000, 0x0f0a0000)
  eden space 35072K, 100% used [0x04600000, 0x06840000, 0x06840000)
  from space 4352K,  47% used [0x06c80000, 0x06e84068, 0x070c0000)
  to   space 4352K,   0% used [0x06840000, 0x06840000, 0x06c80000)
 tenured generation   total 87424K, used 24928K [0x0f0a0000, 0x14600000, 0x24600000)
   the space 87424K,  28% used [0x0f0a0000, 0x108f80e8, 0x108f8200, 0x14600000)
 Metaspace       used 17646K, capacity 18060K, committed 18176K, reserved 18816K
Event: 392.078 GC heap after
Heap after GC invocations=15 (full 1):
 def new generation   total 39424K, used 2103K [0x04600000, 0x070c0000, 0x0f0a0000)
  eden space 35072K,   0% used [0x04600000, 0x04600000, 0x06840000)
  from space 4352K,  48% used [0x06840000, 0x06a4ded0, 0x06c80000)
  to   space 4352K,   0% used [0x06c80000, 0x06c80000, 0x070c0000)
 tenured generation   total 87424K, used 24928K [0x0f0a0000, 0x14600000, 0x24600000)
   the space 87424K,  28% used [0x0f0a0000, 0x108f80e8, 0x108f8200, 0x14600000)
 Metaspace       used 17646K, capacity 18060K, committed 18176K, reserved 18816K
}
Event: 445.419 GC heap before
{Heap before GC invocations=15 (full 1):
 def new generation   total 39424K, used 37175K [0x04600000, 0x070c0000, 0x0f0a0000)
  eden space 35072K, 100% used [0x04600000, 0x06840000, 0x06840000)
  from space 4352K,  48% used [0x06840000, 0x06a4ded0, 0x06c80000)
  to   space 4352K,   0% used [0x06c80000, 0x06c80000, 0x070c0000)
 tenured generation   total 87424K, used 24928K [0x0f0a0000, 0x14600000, 0x24600000)
   the space 87424K,  28% used [0x0f0a0000, 0x108f80e8, 0x108f8200, 0x14600000)
 Metaspace       used 17646K, capacity 18060K, committed 18176K, reserved 18816K
Event: 445.424 GC heap after
Heap after GC invocations=16 (full 1):
 def new generation   total 39424K, used 2042K [0x04600000, 0x070c0000, 0x0f0a0000)
  eden space 35072K,   0% used [0x04600000, 0x04600000, 0x06840000)
  from space 4352K,  46% used [0x06c80000, 0x06e7e870, 0x070c0000)
  to   space 4352K,   0% used [0x06840000, 0x06840000, 0x06c80000)
 tenured generation   total 87424K, used 24928K [0x0f0a0000, 0x14600000, 0x24600000)
   the space 87424K,  28% used [0x0f0a0000, 0x108f80e8, 0x108f8200, 0x14600000)
 Metaspace       used 17646K, capacity 18060K, committed 18176K, reserved 18816K
}

