# JRE version: Java(TM) SE Runtime Environment (8.0_91-b14) (build 1.8.0_91-b14)
# Java VM: Java HotSpot(TM) Client VM (25.91-b14 mixed mode windows-x86 )
Heap:
 def new generation   total 39424K, used 21026K [0x05200000, 0x07cc0000, 0x0fca0000)
  eden space 35072K,  53% used [0x05200000, 0x06464d88, 0x07440000)
  from space 4352K,  50% used [0x07880000, 0x07aa3d50, 0x07cc0000)
  to   space 4352K,   0% used [0x07440000, 0x07440000, 0x07880000)
 tenured generation   total 87424K, used 78465K [0x0fca0000, 0x15200000, 0x25200000)
   the space 87424K,  89% used [0x0fca0000, 0x14940638, 0x14940800, 0x15200000)
 Metaspace       used 18578K, capacity 19015K, committed 19072K, reserved 19840K
GC Heap History (10 events):
Event: 7402.966 GC heap before
{Heap before GC invocations=315 (full 1):
 def new generation   total 39424K, used 35898K [0x05200000, 0x07cc0000, 0x0fca0000)
  eden space 35072K, 100% used [0x05200000, 0x07440000, 0x07440000)
  from space 4352K,  18% used [0x07440000, 0x0750eb20, 0x07880000)
  to   space 4352K,   0% used [0x07880000, 0x07880000, 0x07cc0000)
 tenured generation   total 87424K, used 78465K [0x0fca0000, 0x15200000, 0x25200000)
   the space 87424K,  89% used [0x0fca0000, 0x14940638, 0x14940800, 0x15200000)
 Metaspace       used 18578K, capacity 19015K, committed 19072K, reserved 19840K
Event: 7402.974 GC heap after
Heap after GC invocations=316 (full 1):
 def new generation   total 39424K, used 1053K [0x05200000, 0x07cc0000, 0x0fca0000)
  eden space 35072K,   0% used [0x05200000, 0x05200000, 0x07440000)
  from space 4352K,  24% used [0x07880000, 0x079876d0, 0x07cc0000)
  to   space 4352K,   0% used [0x07440000, 0x07440000, 0x07880000)
 tenured generation   total 87424K, used 78465K [0x0fca0000, 0x15200000, 0x25200000)
   the space 87424K,  89% used [0x0fca0000, 0x14940638, 0x14940800, 0x15200000)
 Metaspace       used 18578K, capacity 19015K, committed 19072K, reserved 19840K
}
Event: 7411.929 GC heap before
{Heap before GC invocations=316 (full 1):
 def new generation   total 39424K, used 36125K [0x05200000, 0x07cc0000, 0x0fca0000)
  eden space 35072K, 100% used [0x05200000, 0x07440000, 0x07440000)
  from space 4352K,  24% used [0x07880000, 0x079876e8, 0x07cc0000)
  to   space 4352K,   0% used [0x07440000, 0x07440000, 0x07880000)
 tenured generation   total 87424K, used 78465K [0x0fca0000, 0x15200000, 0x25200000)
   the space 87424K,  89% used [0x0fca0000, 0x14940638, 0x14940800, 0x15200000)
 Metaspace       used 18578K, capacity 19015K, committed 19072K, reserved 19840K
Event: 7411.938 GC heap after
Heap after GC invocations=317 (full 1):
 def new generation   total 39424K, used 1703K [0x05200000, 0x07cc0000, 0x0fca0000)
  eden space 35072K,   0% used [0x05200000, 0x05200000, 0x07440000)
  from space 4352K,  39% used [0x07440000, 0x075e9ea8, 0x07880000)
  to   space 4352K,   0% used [0x07880000, 0x07880000, 0x07cc0000)
 tenured generation   total 87424K, used 78465K [0x0fca0000, 0x15200000, 0x25200000)
   the space 87424K,  89% used [0x0fca0000, 0x14940638, 0x14940800, 0x15200000)
 Metaspace       used 18578K, capacity 19015K, committed 19072K, reserved 19840K
}
Event: 7411.939 GC heap before
{Heap before GC invocations=317 (full 1):
 def new generation   total 39424K, used 1927K [0x05200000, 0x07cc0000, 0x0fca0000)
  eden space 35072K,   0% used [0x05200000, 0x05238118, 0x07440000)
  from space 4352K,  39% used [0x07440000, 0x075e9ea8, 0x07880000)
  to   space 4352K,   0% used [0x07880000, 0x07880000, 0x07cc0000)
 tenured generation   total 87424K, used 78465K [0x0fca0000, 0x15200000, 0x25200000)
   the space 87424K,  89% used [0x0fca0000, 0x14940638, 0x14940800, 0x15200000)
 Metaspace       used 18578K, capacity 19015K, committed 19072K, reserved 19840K
Event: 7411.949 GC heap after
Heap after GC invocations=318 (full 1):
 def new generation   total 39424K, used 1703K [0x05200000, 0x07cc0000, 0x0fca0000)
  eden space 35072K,   0% used [0x05200000, 0x05200000, 0x07440000)
  from space 4352K,  39% used [0x07880000, 0x07a29d40, 0x07cc0000)
  to   space 4352K,   0% used [0x07440000, 0x07440000, 0x07880000)
 tenured generation   total 87424K, used 78465K [0x0fca0000, 0x15200000, 0x25200000)
   the space 87424K,  89% used [0x0fca0000, 0x14940638, 0x14940800, 0x15200000)
 Metaspace       used 18578K, capacity 19015K, committed 19072K, reserved 19840K
}
Event: 7420.789 GC heap before
{Heap before GC invocations=318 (full 1):
 def new generation   total 39424K, used 36775K [0x05200000, 0x07cc0000, 0x0fca0000)
  eden space 35072K, 100% used [0x05200000, 0x07440000, 0x07440000)
  from space 4352K,  39% used [0x07880000, 0x07a29d40, 0x07cc0000)
  to   space 4352K,   0% used [0x07440000, 0x07440000, 0x07880000)
 tenured generation   total 87424K, used 78465K [0x0fca0000, 0x15200000, 0x25200000)
   the space 87424K,  89% used [0x0fca0000, 0x14940638, 0x14940800, 0x15200000)
 Metaspace       used 18578K, capacity 19015K, committed 19072K, reserved 19840K
Event: 7420.799 GC heap after
Heap after GC invocations=319 (full 1):
 def new generation   total 39424K, used 1949K [0x05200000, 0x07cc0000, 0x0fca0000)
  eden space 35072K,   0% used [0x05200000, 0x05200000, 0x07440000)
  from space 4352K,  44% used [0x07440000, 0x07627428, 0x07880000)
  to   space 4352K,   0% used [0x07880000, 0x07880000, 0x07cc0000)
 tenured generation   total 87424K, used 78465K [0x0fca0000, 0x15200000, 0x25200000)
   the space 87424K,  89% used [0x0fca0000, 0x14940638, 0x14940800, 0x15200000)
 Metaspace       used 18578K, capacity 19015K, committed 19072K, reserved 19840K
}
Event: 7429.498 GC heap before
{Heap before GC invocations=319 (full 1):
 def new generation   total 39424K, used 37021K [0x05200000, 0x07cc0000, 0x0fca0000)
  eden space 35072K, 100% used [0x05200000, 0x07440000, 0x07440000)
  from space 4352K,  44% used [0x07440000, 0x07627428, 0x07880000)
  to   space 4352K,   0% used [0x07880000, 0x07880000, 0x07cc0000)
 tenured generation   total 87424K, used 78465K [0x0fca0000, 0x15200000, 0x25200000)
   the space 87424K,  89% used [0x0fca0000, 0x14940638, 0x14940800, 0x15200000)
 Metaspace       used 18578K, capacity 19015K, committed 19072K, reserved 19840K
Event: 7429.505 GC heap after
Heap after GC invocations=320 (full 1):
 def new generation   total 39424K, used 2191K [0x05200000, 0x07cc0000, 0x0fca0000)
  eden space 35072K,   0% used [0x05200000, 0x05200000, 0x07440000)
  from space 4352K,  50% used [0x07880000, 0x07aa3d50, 0x07cc0000)
  to   space 4352K,   0% used [0x07440000, 0x07440000, 0x07880000)
 tenured generation   total 87424K, used 78465K [0x0fca0000, 0x15200000, 0x25200000)
   the space 87424K,  89% used [0x0fca0000, 0x14940638, 0x14940800, 0x15200000)
 Metaspace       used 18578K, capacity 19015K, committed 19072K, reserved 19840K
}

